<?xml version="1.0" encoding="UTF-8"?>
<testng-results skipped="0" failed="0" ignored="0" total="1" passed="1">
  <reporter-output>
  </reporter-output>
  <suite name="Surefire suite" duration-ms="46" started-at="2019-03-28T19:19:52 CET" finished-at="2019-03-28T19:19:52 CET">
    <groups>
    </groups>
    <test name="Surefire test" duration-ms="46" started-at="2019-03-28T19:19:52 CET" finished-at="2019-03-28T19:19:52 CET">
      <class name="org.lordofthejars.games.game.testIT">
        <test-method status="PASS" signature="shouldAnswerWithTrue()[pri:0, instance:org.lordofthejars.games.game.testIT@402f32ff]" name="shouldAnswerWithTrue" duration-ms="7" started-at="2019-03-28T19:19:52 CET" finished-at="2019-03-28T19:19:52 CET">
          <reporter-output>
          </reporter-output>
        </test-method> <!-- shouldAnswerWithTrue -->
      </class> <!-- org.lordofthejars.games.game.testIT -->
    </test> <!-- Surefire test -->
  </suite> <!-- Surefire suite -->
</testng-results>
